mode: set
github.com/felipedavid/sushi_roll/cmd/web/handlers.go:13.51,15.2 1 1
github.com/felipedavid/sushi_roll/cmd/web/handlers.go:17.64,19.16 2 0
github.com/felipedavid/sushi_roll/cmd/web/handlers.go:23.2,25.47 3 0
github.com/felipedavid/sushi_roll/cmd/web/handlers.go:19.16,22.3 2 0
github.com/felipedavid/sushi_roll/cmd/web/handlers.go:28.66,30.16 2 0
github.com/felipedavid/sushi_roll/cmd/web/handlers.go:36.2,41.16 5 0
github.com/felipedavid/sushi_roll/cmd/web/handlers.go:46.2,46.33 1 0
github.com/felipedavid/sushi_roll/cmd/web/handlers.go:30.16,33.3 2 0
github.com/felipedavid/sushi_roll/cmd/web/handlers.go:41.16,44.3 2 0
github.com/felipedavid/sushi_roll/cmd/web/handlers.go:49.86,51.26 2 1
github.com/felipedavid/sushi_roll/cmd/web/handlers.go:56.2,57.16 2 1
github.com/felipedavid/sushi_roll/cmd/web/handlers.go:66.2,66.30 1 1
github.com/felipedavid/sushi_roll/cmd/web/handlers.go:51.26,54.3 2 1
github.com/felipedavid/sushi_roll/cmd/web/handlers.go:57.16,58.41 1 1
github.com/felipedavid/sushi_roll/cmd/web/handlers.go:63.3,63.9 1 1
github.com/felipedavid/sushi_roll/cmd/web/handlers.go:58.41,60.4 1 1
github.com/felipedavid/sushi_roll/cmd/web/handlers.go:60.9,62.4 1 0
github.com/felipedavid/sushi_roll/cmd/web/handlers.go:69.88,71.16 2 0
github.com/felipedavid/sushi_roll/cmd/web/handlers.go:76.2,77.16 2 0
github.com/felipedavid/sushi_roll/cmd/web/handlers.go:83.2,83.59 1 0
github.com/felipedavid/sushi_roll/cmd/web/handlers.go:71.16,74.3 2 0
github.com/felipedavid/sushi_roll/cmd/web/handlers.go:77.16,81.3 2 0
github.com/felipedavid/sushi_roll/cmd/web/handlers.go:86.65,88.16 2 0
github.com/felipedavid/sushi_roll/cmd/web/handlers.go:92.2,94.48 3 0
github.com/felipedavid/sushi_roll/cmd/web/handlers.go:88.16,91.3 2 0
github.com/felipedavid/sushi_roll/cmd/web/handlers.go:97.65,99.16 2 0
github.com/felipedavid/sushi_roll/cmd/web/handlers.go:103.2,105.48 3 0
github.com/felipedavid/sushi_roll/cmd/web/handlers.go:99.16,102.3 2 0
github.com/felipedavid/sushi_roll/cmd/web/handlers.go:108.65,110.16 2 0
github.com/felipedavid/sushi_roll/cmd/web/handlers.go:114.2,116.48 3 0
github.com/felipedavid/sushi_roll/cmd/web/handlers.go:110.16,113.3 2 0
github.com/felipedavid/sushi_roll/cmd/web/handlers.go:119.89,121.27 2 1
github.com/felipedavid/sushi_roll/cmd/web/handlers.go:126.2,127.16 2 1
github.com/felipedavid/sushi_roll/cmd/web/handlers.go:136.2,136.29 1 1
github.com/felipedavid/sushi_roll/cmd/web/handlers.go:121.27,124.3 2 1
github.com/felipedavid/sushi_roll/cmd/web/handlers.go:127.16,128.41 1 1
github.com/felipedavid/sushi_roll/cmd/web/handlers.go:133.3,133.9 1 1
github.com/felipedavid/sushi_roll/cmd/web/handlers.go:128.41,130.4 1 1
github.com/felipedavid/sushi_roll/cmd/web/handlers.go:130.9,132.4 1 0
github.com/felipedavid/sushi_roll/cmd/web/handlers.go:139.69,141.16 2 0
github.com/felipedavid/sushi_roll/cmd/web/handlers.go:146.2,151.16 5 0
github.com/felipedavid/sushi_roll/cmd/web/handlers.go:156.2,156.44 1 0
github.com/felipedavid/sushi_roll/cmd/web/handlers.go:141.16,144.3 2 0
github.com/felipedavid/sushi_roll/cmd/web/handlers.go:151.16,154.3 2 0
github.com/felipedavid/sushi_roll/cmd/web/handlers.go:159.91,161.16 2 0
github.com/felipedavid/sushi_roll/cmd/web/handlers.go:166.2,167.16 2 0
github.com/felipedavid/sushi_roll/cmd/web/handlers.go:173.2,173.62 1 0
github.com/felipedavid/sushi_roll/cmd/web/handlers.go:161.16,164.3 2 0
github.com/felipedavid/sushi_roll/cmd/web/handlers.go:167.16,171.3 2 0
github.com/felipedavid/sushi_roll/cmd/web/handlers.go:176.90,178.27 2 1
github.com/felipedavid/sushi_roll/cmd/web/handlers.go:183.2,184.16 2 1
github.com/felipedavid/sushi_roll/cmd/web/handlers.go:193.2,193.33 1 1
github.com/felipedavid/sushi_roll/cmd/web/handlers.go:178.27,181.3 2 1
github.com/felipedavid/sushi_roll/cmd/web/handlers.go:184.16,185.41 1 1
github.com/felipedavid/sushi_roll/cmd/web/handlers.go:190.3,190.9 1 1
github.com/felipedavid/sushi_roll/cmd/web/handlers.go:185.41,187.4 1 1
github.com/felipedavid/sushi_roll/cmd/web/handlers.go:187.9,189.4 1 0
github.com/felipedavid/sushi_roll/cmd/web/handlers.go:196.70,198.16 2 0
github.com/felipedavid/sushi_roll/cmd/web/handlers.go:203.2,206.16 3 0
github.com/felipedavid/sushi_roll/cmd/web/handlers.go:211.2,211.45 1 0
github.com/felipedavid/sushi_roll/cmd/web/handlers.go:198.16,201.3 2 0
github.com/felipedavid/sushi_roll/cmd/web/handlers.go:206.16,209.3 2 0
github.com/felipedavid/sushi_roll/cmd/web/handlers.go:214.92,216.16 2 0
github.com/felipedavid/sushi_roll/cmd/web/handlers.go:221.2,222.16 2 0
github.com/felipedavid/sushi_roll/cmd/web/handlers.go:228.2,228.63 1 0
github.com/felipedavid/sushi_roll/cmd/web/handlers.go:216.16,219.3 2 0
github.com/felipedavid/sushi_roll/cmd/web/handlers.go:222.16,226.3 2 0
github.com/felipedavid/sushi_roll/cmd/web/helpers.go:9.61,12.2 2 0
github.com/felipedavid/sushi_roll/cmd/web/helpers.go:14.66,16.2 1 1
github.com/felipedavid/sushi_roll/cmd/web/helpers.go:18.47,20.2 1 1
github.com/felipedavid/sushi_roll/cmd/web/helpers.go:22.53,24.2 1 0
github.com/felipedavid/sushi_roll/cmd/web/main.go:26.13,39.16 8 0
github.com/felipedavid/sushi_roll/cmd/web/main.go:43.2,44.16 2 0
github.com/felipedavid/sushi_roll/cmd/web/main.go:48.2,60.19 4 0
github.com/felipedavid/sushi_roll/cmd/web/main.go:39.16,41.3 1 0
github.com/felipedavid/sushi_roll/cmd/web/main.go:44.16,46.3 1 0
github.com/felipedavid/sushi_roll/cmd/web/main.go:64.42,66.16 2 0
github.com/felipedavid/sushi_roll/cmd/web/main.go:70.2,70.33 1 0
github.com/felipedavid/sushi_roll/cmd/web/main.go:74.2,74.16 1 0
github.com/felipedavid/sushi_roll/cmd/web/main.go:66.16,68.3 1 0
github.com/felipedavid/sushi_roll/cmd/web/main.go:70.33,72.3 1 0
github.com/felipedavid/sushi_roll/cmd/web/middleware.go:5.58,6.53 1 1
github.com/felipedavid/sushi_roll/cmd/web/middleware.go:16.2,16.29 1 1
github.com/felipedavid/sushi_roll/cmd/web/middleware.go:6.53,14.3 3 1
github.com/felipedavid/sushi_roll/cmd/web/response_writer.go:12.63,14.2 1 1
github.com/felipedavid/sushi_roll/cmd/web/response_writer.go:16.51,19.2 2 1
github.com/felipedavid/sushi_roll/cmd/web/routes.go:9.37,35.2 17 1
github.com/felipedavid/sushi_roll/cmd/web/templates.go:17.36,18.16 1 1
github.com/felipedavid/sushi_roll/cmd/web/templates.go:22.2,22.47 1 1
github.com/felipedavid/sushi_roll/cmd/web/templates.go:18.16,20.3 1 1
github.com/felipedavid/sushi_roll/cmd/web/templates.go:25.38,27.2 1 0
github.com/felipedavid/sushi_roll/cmd/web/templates.go:31.48,35.16 3 1
github.com/felipedavid/sushi_roll/cmd/web/templates.go:39.2,39.29 1 1
github.com/felipedavid/sushi_roll/cmd/web/templates.go:60.2,60.19 1 1
github.com/felipedavid/sushi_roll/cmd/web/templates.go:35.16,37.3 1 0
github.com/felipedavid/sushi_roll/cmd/web/templates.go:39.29,43.17 3 0
github.com/felipedavid/sushi_roll/cmd/web/templates.go:47.3,48.17 2 0
github.com/felipedavid/sushi_roll/cmd/web/templates.go:52.3,53.17 2 0
github.com/felipedavid/sushi_roll/cmd/web/templates.go:57.3,57.23 1 0
github.com/felipedavid/sushi_roll/cmd/web/templates.go:43.17,45.4 1 0
github.com/felipedavid/sushi_roll/cmd/web/templates.go:48.17,50.4 1 0
github.com/felipedavid/sushi_roll/cmd/web/templates.go:53.17,55.4 1 0
github.com/felipedavid/sushi_roll/cmd/web/templates.go:63.90,67.28 2 0
github.com/felipedavid/sushi_roll/cmd/web/templates.go:104.2,105.16 2 0
github.com/felipedavid/sushi_roll/cmd/web/templates.go:67.28,71.17 3 0
github.com/felipedavid/sushi_roll/cmd/web/templates.go:76.3,80.17 4 0
github.com/felipedavid/sushi_roll/cmd/web/templates.go:85.3,86.17 2 0
github.com/felipedavid/sushi_roll/cmd/web/templates.go:71.17,74.4 2 0
github.com/felipedavid/sushi_roll/cmd/web/templates.go:80.17,83.4 2 0
github.com/felipedavid/sushi_roll/cmd/web/templates.go:86.17,88.4 1 0
github.com/felipedavid/sushi_roll/cmd/web/templates.go:90.8,92.10 2 0
github.com/felipedavid/sushi_roll/cmd/web/templates.go:98.3,99.17 2 0
github.com/felipedavid/sushi_roll/cmd/web/templates.go:92.10,96.4 3 0
github.com/felipedavid/sushi_roll/cmd/web/templates.go:99.17,101.4 1 0
