mode: set
github.com/felipedavid/sushi_roll/cmd/web/middleware.go:5.58,6.53 1 1
github.com/felipedavid/sushi_roll/cmd/web/middleware.go:16.2,16.29 1 1
github.com/felipedavid/sushi_roll/cmd/web/middleware.go:6.53,14.3 3 1
github.com/felipedavid/sushi_roll/cmd/web/response_writer.go:12.63,14.2 1 1
github.com/felipedavid/sushi_roll/cmd/web/response_writer.go:16.51,19.2 2 1
github.com/felipedavid/sushi_roll/cmd/web/routes.go:9.37,24.2 11 1
github.com/felipedavid/sushi_roll/cmd/web/templates.go:17.36,18.16 1 1
github.com/felipedavid/sushi_roll/cmd/web/templates.go:22.2,22.47 1 1
github.com/felipedavid/sushi_roll/cmd/web/templates.go:18.16,20.3 1 1
github.com/felipedavid/sushi_roll/cmd/web/templates.go:25.38,27.2 1 0
github.com/felipedavid/sushi_roll/cmd/web/templates.go:31.48,35.16 3 1
github.com/felipedavid/sushi_roll/cmd/web/templates.go:39.2,39.29 1 1
github.com/felipedavid/sushi_roll/cmd/web/templates.go:60.2,60.19 1 1
github.com/felipedavid/sushi_roll/cmd/web/templates.go:35.16,37.3 1 0
github.com/felipedavid/sushi_roll/cmd/web/templates.go:39.29,43.17 3 0
github.com/felipedavid/sushi_roll/cmd/web/templates.go:47.3,48.17 2 0
github.com/felipedavid/sushi_roll/cmd/web/templates.go:52.3,53.17 2 0
github.com/felipedavid/sushi_roll/cmd/web/templates.go:57.3,57.23 1 0
github.com/felipedavid/sushi_roll/cmd/web/templates.go:43.17,45.4 1 0
github.com/felipedavid/sushi_roll/cmd/web/templates.go:48.17,50.4 1 0
github.com/felipedavid/sushi_roll/cmd/web/templates.go:53.17,55.4 1 0
github.com/felipedavid/sushi_roll/cmd/web/templates.go:63.90,67.28 2 0
github.com/felipedavid/sushi_roll/cmd/web/templates.go:104.2,105.16 2 0
github.com/felipedavid/sushi_roll/cmd/web/templates.go:67.28,71.17 3 0
github.com/felipedavid/sushi_roll/cmd/web/templates.go:76.3,80.17 4 0
github.com/felipedavid/sushi_roll/cmd/web/templates.go:85.3,86.17 2 0
github.com/felipedavid/sushi_roll/cmd/web/templates.go:71.17,74.4 2 0
github.com/felipedavid/sushi_roll/cmd/web/templates.go:80.17,83.4 2 0
github.com/felipedavid/sushi_roll/cmd/web/templates.go:86.17,88.4 1 0
github.com/felipedavid/sushi_roll/cmd/web/templates.go:90.8,92.10 2 0
github.com/felipedavid/sushi_roll/cmd/web/templates.go:98.3,99.17 2 0
github.com/felipedavid/sushi_roll/cmd/web/templates.go:92.10,96.4 3 0
github.com/felipedavid/sushi_roll/cmd/web/templates.go:99.17,101.4 1 0
github.com/felipedavid/sushi_roll/cmd/web/handlers.go:12.51,14.2 1 1
github.com/felipedavid/sushi_roll/cmd/web/handlers.go:16.64,18.16 2 0
github.com/felipedavid/sushi_roll/cmd/web/handlers.go:22.2,24.47 3 0
github.com/felipedavid/sushi_roll/cmd/web/handlers.go:18.16,21.3 2 0
github.com/felipedavid/sushi_roll/cmd/web/handlers.go:27.66,29.16 2 0
github.com/felipedavid/sushi_roll/cmd/web/handlers.go:35.2,40.16 5 0
github.com/felipedavid/sushi_roll/cmd/web/handlers.go:45.2,46.56 2 0
github.com/felipedavid/sushi_roll/cmd/web/handlers.go:29.16,32.3 2 0
github.com/felipedavid/sushi_roll/cmd/web/handlers.go:40.16,43.3 2 0
github.com/felipedavid/sushi_roll/cmd/web/handlers.go:49.64,51.26 2 1
github.com/felipedavid/sushi_roll/cmd/web/handlers.go:56.2,57.16 2 1
github.com/felipedavid/sushi_roll/cmd/web/handlers.go:66.2,66.30 1 1
github.com/felipedavid/sushi_roll/cmd/web/handlers.go:51.26,54.3 2 1
github.com/felipedavid/sushi_roll/cmd/web/handlers.go:57.16,58.41 1 1
github.com/felipedavid/sushi_roll/cmd/web/handlers.go:63.3,63.9 1 1
github.com/felipedavid/sushi_roll/cmd/web/handlers.go:58.41,60.4 1 1
github.com/felipedavid/sushi_roll/cmd/web/handlers.go:60.9,62.4 1 0
github.com/felipedavid/sushi_roll/cmd/web/handlers.go:69.66,71.16 2 0
github.com/felipedavid/sushi_roll/cmd/web/handlers.go:76.2,77.16 2 0
github.com/felipedavid/sushi_roll/cmd/web/handlers.go:83.2,83.59 1 0
github.com/felipedavid/sushi_roll/cmd/web/handlers.go:71.16,74.3 2 0
github.com/felipedavid/sushi_roll/cmd/web/handlers.go:77.16,81.3 2 0
github.com/felipedavid/sushi_roll/cmd/web/handlers.go:86.65,88.16 2 0
github.com/felipedavid/sushi_roll/cmd/web/handlers.go:92.2,94.48 3 0
github.com/felipedavid/sushi_roll/cmd/web/handlers.go:88.16,91.3 2 0
github.com/felipedavid/sushi_roll/cmd/web/handlers.go:97.65,99.16 2 0
github.com/felipedavid/sushi_roll/cmd/web/handlers.go:103.2,105.48 3 0
github.com/felipedavid/sushi_roll/cmd/web/handlers.go:99.16,102.3 2 0
github.com/felipedavid/sushi_roll/cmd/web/handlers.go:108.65,110.16 2 0
github.com/felipedavid/sushi_roll/cmd/web/handlers.go:114.2,116.48 3 0
github.com/felipedavid/sushi_roll/cmd/web/handlers.go:110.16,113.3 2 0
github.com/felipedavid/sushi_roll/cmd/web/helpers.go:9.61,12.2 2 0
github.com/felipedavid/sushi_roll/cmd/web/helpers.go:14.66,16.2 1 1
github.com/felipedavid/sushi_roll/cmd/web/helpers.go:18.47,20.2 1 1
github.com/felipedavid/sushi_roll/cmd/web/helpers.go:22.53,24.2 1 0
github.com/felipedavid/sushi_roll/cmd/web/main.go:23.13,36.16 8 0
github.com/felipedavid/sushi_roll/cmd/web/main.go:40.2,41.16 2 0
github.com/felipedavid/sushi_roll/cmd/web/main.go:45.2,55.19 4 0
github.com/felipedavid/sushi_roll/cmd/web/main.go:36.16,38.3 1 0
github.com/felipedavid/sushi_roll/cmd/web/main.go:41.16,43.3 1 0
github.com/felipedavid/sushi_roll/cmd/web/main.go:59.42,61.16 2 0
github.com/felipedavid/sushi_roll/cmd/web/main.go:65.2,65.33 1 0
github.com/felipedavid/sushi_roll/cmd/web/main.go:69.2,69.16 1 0
github.com/felipedavid/sushi_roll/cmd/web/main.go:61.16,63.3 1 0
github.com/felipedavid/sushi_roll/cmd/web/main.go:65.33,67.3 1 0
